{"/Users/sujonochen/etobee-hub/app/components/Glyph/Glyph.jsx": {"path":"/Users/sujonochen/etobee-hub/app/components/Glyph/Glyph.jsx","statementMap":{"0":{"start":{"line":11,"column":32},"end":{"line":11,"column":42}},"1":{"start":{"line":12,"column":22},"end":{"line":12,"column":91}},"2":{"start":{"line":13,"column":4},"end":{"line":13,"column":42}},"3":{"start":{"line":18,"column":0},"end":{"line":21,"column":2}},"4":{"start":{"line":24,"column":0},"end":{"line":27,"column":2}}},"fnMap":{"0":{"name":"(anonymous_0)","decl":{"start":{"line":10,"column":2},"end":{"line":10,"column":3}},"loc":{"start":{"line":10,"column":11},"end":{"line":14,"column":3}},"line":10}},"branchMap":{},"s":{"0":2,"1":2,"2":2,"3":1,"4":1},"f":{"0":2},"b":{},"_coverageSchema":"332fd63041d2c1bcb487cc26dd0d5f7d97098a6c","hash":"4aa96e9fb3313b2f55b17cd51067bc0de93ca0f1"}
}
